0 info it worked if it ends with ok
1 verbose cli [ '/usr/local/bin/node', '/usr/local/bin/npm', 'start' ]
2 info using npm@3.10.8
3 info using node@v4.6.0
4 verbose run-script [ 'prestart', 'start', 'poststart' ]
5 info lifecycle blockly-demo@0.0.0~prestart: blockly-demo@0.0.0
6 silly lifecycle blockly-demo@0.0.0~prestart: no script for prestart, continuing
7 info lifecycle blockly-demo@0.0.0~start: blockly-demo@0.0.0
8 verbose lifecycle blockly-demo@0.0.0~start: unsafe-perm in lifecycle true
9 verbose lifecycle blockly-demo@0.0.0~start: PATH: /usr/local/lib/node_modules/npm/bin/node-gyp-bin:/Users/XinyueDeng/blockly-demo/node_modules/.bin:/Library/Java/JavaVirtualMachines/jdk1.7.0_79.jdk/Contents/Home/bin:/usr/local/bin:/usr/bin:/bin:/usr/sbin:/sbin:/opt/X11/bin:/usr/local/go/bin:/usr/local/MacGPG2/bin:/usr/texbin:/Users/XinyueDeng/Development/adt-bundle/sdk/platform-tools:/Users/XinyueDeng/Development/adt-bundle/sdk/tools:/Users/XinyueDeng/scala-2.11.1/bin:/Users/XinyueDeng/Development/phantomjs-2.0.0-macosx/bin:/usr/local/go/bin:/Applications/Julia-0.4.3.app/Contents/Resources/julia/bin
10 verbose lifecycle blockly-demo@0.0.0~start: CWD: /Users/XinyueDeng/blockly-demo
11 silly lifecycle blockly-demo@0.0.0~start: Args: [ '-c', 'node ./bin/www' ]
12 silly lifecycle blockly-demo@0.0.0~start: Returned: code: 1  signal: null
13 info lifecycle blockly-demo@0.0.0~start: Failed to exec start script
14 verbose stack Error: blockly-demo@0.0.0 start: `node ./bin/www`
14 verbose stack Exit status 1
14 verbose stack     at EventEmitter.<anonymous> (/usr/local/lib/node_modules/npm/lib/utils/lifecycle.js:255:16)
14 verbose stack     at emitTwo (events.js:87:13)
14 verbose stack     at EventEmitter.emit (events.js:172:7)
14 verbose stack     at ChildProcess.<anonymous> (/usr/local/lib/node_modules/npm/lib/utils/spawn.js:40:14)
14 verbose stack     at emitTwo (events.js:87:13)
14 verbose stack     at ChildProcess.emit (events.js:172:7)
14 verbose stack     at maybeClose (internal/child_process.js:829:16)
14 verbose stack     at Process.ChildProcess._handle.onexit (internal/child_process.js:211:5)
15 verbose pkgid blockly-demo@0.0.0
16 verbose cwd /Users/XinyueDeng/blockly-demo
17 error Darwin 14.3.0
18 error argv "/usr/local/bin/node" "/usr/local/bin/npm" "start"
19 error node v4.6.0
20 error npm  v3.10.8
21 error code ELIFECYCLE
22 error blockly-demo@0.0.0 start: `node ./bin/www`
22 error Exit status 1
23 error Failed at the blockly-demo@0.0.0 start script 'node ./bin/www'.
23 error Make sure you have the latest version of node.js and npm installed.
23 error If you do, this is most likely a problem with the blockly-demo package,
23 error not with npm itself.
23 error Tell the author that this fails on your system:
23 error     node ./bin/www
23 error You can get information on how to open an issue for this project with:
23 error     npm bugs blockly-demo
23 error Or if that isn't available, you can get their info via:
23 error     npm owner ls blockly-demo
23 error There is likely additional logging output above.
24 verbose exit [ 1, true ]
